26-Feb-2018 10:37:53.489 INFO [main] org.apache.catalina.startup.VersionLoggerListener.log Server version:        Apache Tomcat/9.0.5
26-Feb-2018 10:37:53.500 INFO [main] org.apache.catalina.startup.VersionLoggerListener.log Server built:          Feb 6 2018 21:42:23 UTC
26-Feb-2018 10:37:53.520 INFO [main] org.apache.catalina.startup.VersionLoggerListener.log Server number:         9.0.5.0
26-Feb-2018 10:37:53.521 INFO [main] org.apache.catalina.startup.VersionLoggerListener.log OS Name:               Windows 8.1
26-Feb-2018 10:37:53.522 INFO [main] org.apache.catalina.startup.VersionLoggerListener.log OS Version:            6.3
26-Feb-2018 10:37:53.522 INFO [main] org.apache.catalina.startup.VersionLoggerListener.log Architecture:          x86
26-Feb-2018 10:37:53.522 INFO [main] org.apache.catalina.startup.VersionLoggerListener.log Java Home:             C:\Program Files (x86)\Java\jre1.8.0_31
26-Feb-2018 10:37:53.523 INFO [main] org.apache.catalina.startup.VersionLoggerListener.log JVM Version:           1.8.0_31-b13
26-Feb-2018 10:37:53.523 INFO [main] org.apache.catalina.startup.VersionLoggerListener.log JVM Vendor:            Oracle Corporation
26-Feb-2018 10:37:53.524 INFO [main] org.apache.catalina.startup.VersionLoggerListener.log CATALINA_BASE:         C:\Users\Carl\apache-tomcat-9.0.5\apache-tomcat-9.0.5
26-Feb-2018 10:37:53.524 INFO [main] org.apache.catalina.startup.VersionLoggerListener.log CATALINA_HOME:         C:\Users\Carl\apache-tomcat-9.0.5\apache-tomcat-9.0.5
26-Feb-2018 10:37:53.525 INFO [main] org.apache.catalina.startup.VersionLoggerListener.log Command line argument: -Djava.util.logging.config.file=C:\Users\Carl\apache-tomcat-9.0.5\apache-tomcat-9.0.5\conf\logging.properties
26-Feb-2018 10:37:53.525 INFO [main] org.apache.catalina.startup.VersionLoggerListener.log Command line argument: -Djava.util.logging.manager=org.apache.juli.ClassLoaderLogManager
26-Feb-2018 10:37:53.526 INFO [main] org.apache.catalina.startup.VersionLoggerListener.log Command line argument: -Djdk.tls.ephemeralDHKeySize=2048
26-Feb-2018 10:37:53.528 INFO [main] org.apache.catalina.startup.VersionLoggerListener.log Command line argument: -Djava.protocol.handler.pkgs=org.apache.catalina.webresources
26-Feb-2018 10:37:53.528 INFO [main] org.apache.catalina.startup.VersionLoggerListener.log Command line argument: -Dignore.endorsed.dirs=
26-Feb-2018 10:37:53.529 INFO [main] org.apache.catalina.startup.VersionLoggerListener.log Command line argument: -Dcatalina.base=C:\Users\Carl\apache-tomcat-9.0.5\apache-tomcat-9.0.5
26-Feb-2018 10:37:53.534 INFO [main] org.apache.catalina.startup.VersionLoggerListener.log Command line argument: -Dcatalina.home=C:\Users\Carl\apache-tomcat-9.0.5\apache-tomcat-9.0.5
26-Feb-2018 10:37:53.535 INFO [main] org.apache.catalina.startup.VersionLoggerListener.log Command line argument: -Djava.io.tmpdir=C:\Users\Carl\apache-tomcat-9.0.5\apache-tomcat-9.0.5\temp
26-Feb-2018 10:37:53.536 INFO [main] org.apache.catalina.core.AprLifecycleListener.lifecycleEvent The APR based Apache Tomcat Native library which allows optimal performance in production environments was not found on the java.library.path: [C:\Program Files (x86)\Java\jre1.8.0_31\bin;C:\WINDOWS\Sun\Java\bin;C:\WINDOWS\system32;C:\WINDOWS;C:\Program Files (x86)\NVIDIA Corporation\PhysX\Common;C:\Program Files\Java\jdk1.8.0_74\bin;C:\ProgramData\Oracle\Java\javapath;C:\Program Files (x86)\Intel\iCLS Client\;C:\Program Files\Intel\iCLS Client\;C:\WINDOWS\system32;C:\WINDOWS;C:\WINDOWS\System32\Wbem;C:\WINDOWS\System32\WindowsPowerShell\v1.0\;C:\Program Files\Intel\Intel(R) Management Engine Components\DAL;C:\Program Files\Intel\Intel(R) Management Engine Components\IPT;C:\Program Files (x86)\Intel\Intel(R) Management Engine Components\DAL;C:\Program Files (x86)\Intel\Intel(R) Management Engine Components\IPT;C:\Program Files (x86)\Intel\OpenCL SDK\2.0\bin\x86;C:\Program Files (x86)\Intel\OpenCL SDK\2.0\bin\x64;C:\Program Files (x86)\Windows Live\Shared;C:\Program Files\Intel\WiFi\bin\;C:\Program Files\Common Files\Intel\WirelessCommon\;C:\Program Files (x86)\QuickTime\QTSystem\;C:\Python32;C:\Python32\Scripts\;C:\Program Files (x86)\Windows Kits\8.1\Windows Performance Toolkit\;C:\Program Files\Microsoft SQL Server\110\Tools\Binn\;c:\Program Files (x86)\Microsoft SQL Server\110\Tools\Binn\;c:\Program Files\Microsoft SQL Server\110\DTS\Binn\;C:\Program Files (x86)\Windows Kits\10\Windows Performance Toolkit\;C:\Program Files (x86)\Skype\Phone\;C:\Program Files (x86)\IVI Foundation\VISA\WinNT\Bin\;C:\Program Files\IVI Foundation\VISA\Win64\Bin\;C:\Program Files (x86)\IVI Foundation\VISA\WinNT\Bin;C:\OrCAD\OrCAD_16.6_Lite\tools\pcb\bin;C:\OrCAD\OrCAD_16.6_Lite\tools\fet\bin;C:\OrCAD\OrCAD_16.6_Lite\OpenAccess\bin\win32\opt;C:\OrCAD\OrCAD_16.6_Lite\tools\bin;C:\OrCAD\OrCAD_16.6_Lite\tools\Capture;C:\OrCAD\OrCAD_16.6_Lite\tools\PSpice;C:\users\Carl\Python32\Lib\site-package\django\db\backends\sqlite3;C:\Users\Carl\AppData\Local\Microsoft\WindowsApps;;.]
26-Feb-2018 10:37:56.712 INFO [main] org.apache.coyote.AbstractProtocol.init Initializing ProtocolHandler ["http-nio-8080"]
26-Feb-2018 10:37:56.824 SEVERE [main] org.apache.catalina.util.LifecycleBase.handleSubClassException Failed to initialize component [Connector[HTTP/1.1-8080]]
 org.apache.catalina.LifecycleException: Protocol handler initialization failed
	at org.apache.catalina.connector.Connector.initInternal(Connector.java:935)
	at org.apache.catalina.util.LifecycleBase.init(LifecycleBase.java:136)
	at org.apache.catalina.core.StandardService.initInternal(StandardService.java:530)
	at org.apache.catalina.util.LifecycleBase.init(LifecycleBase.java:136)
	at org.apache.catalina.core.StandardServer.initInternal(StandardServer.java:852)
	at org.apache.catalina.util.LifecycleBase.init(LifecycleBase.java:136)
	at org.apache.catalina.startup.Catalina.load(Catalina.java:633)
	at org.apache.catalina.startup.Catalina.load(Catalina.java:656)
	at sun.reflect.NativeMethodAccessorImpl.invoke0(Native Method)
	at sun.reflect.NativeMethodAccessorImpl.invoke(Unknown Source)
	at sun.reflect.DelegatingMethodAccessorImpl.invoke(Unknown Source)
	at java.lang.reflect.Method.invoke(Unknown Source)
	at org.apache.catalina.startup.Bootstrap.load(Bootstrap.java:309)
	at org.apache.catalina.startup.Bootstrap.main(Bootstrap.java:492)
Caused by: java.net.BindException: Address already in use: bind
	at sun.nio.ch.Net.bind0(Native Method)
	at sun.nio.ch.Net.bind(Unknown Source)
	at sun.nio.ch.Net.bind(Unknown Source)
	at sun.nio.ch.ServerSocketChannelImpl.bind(Unknown Source)
	at sun.nio.ch.ServerSocketAdaptor.bind(Unknown Source)
	at org.apache.tomcat.util.net.NioEndpoint.initServerSocket(NioEndpoint.java:227)
	at org.apache.tomcat.util.net.NioEndpoint.bind(NioEndpoint.java:202)
	at org.apache.tomcat.util.net.AbstractEndpoint.init(AbstractEndpoint.java:1043)
	at org.apache.coyote.AbstractProtocol.init(AbstractProtocol.java:540)
	at org.apache.coyote.http11.AbstractHttp11Protocol.init(AbstractHttp11Protocol.java:74)
	at org.apache.catalina.connector.Connector.initInternal(Connector.java:932)
	... 13 more

26-Feb-2018 10:37:56.843 INFO [main] org.apache.coyote.AbstractProtocol.init Initializing ProtocolHandler ["ajp-nio-8009"]
26-Feb-2018 10:37:57.130 INFO [main] org.apache.tomcat.util.net.NioSelectorPool.getSharedSelector Using a shared selector for servlet write/read
26-Feb-2018 10:37:57.192 INFO [main] org.apache.catalina.startup.Catalina.load Initialization processed in 6002 ms
26-Feb-2018 10:37:57.428 INFO [main] org.apache.catalina.core.StandardService.startInternal Starting service [Catalina]
26-Feb-2018 10:37:57.428 INFO [main] org.apache.catalina.core.StandardEngine.startInternal Starting Servlet Engine: Apache Tomcat/9.0.5
26-Feb-2018 10:37:57.481 INFO [main] org.apache.catalina.startup.HostConfig.deployDirectory Deploying web application directory [C:\Users\Carl\apache-tomcat-9.0.5\apache-tomcat-9.0.5\webapps\docs]
26-Feb-2018 10:37:59.887 WARNING [main] org.apache.catalina.util.SessionIdGeneratorBase.createSecureRandom Creation of SecureRandom instance for session ID generation using [SHA1PRNG] took [266] milliseconds.
26-Feb-2018 10:38:00.204 INFO [main] org.apache.catalina.startup.HostConfig.deployDirectory Deployment of web application directory [C:\Users\Carl\apache-tomcat-9.0.5\apache-tomcat-9.0.5\webapps\docs] has finished in [2,723] ms
26-Feb-2018 10:38:00.205 INFO [main] org.apache.catalina.startup.HostConfig.deployDirectory Deploying web application directory [C:\Users\Carl\apache-tomcat-9.0.5\apache-tomcat-9.0.5\webapps\examples]
26-Feb-2018 10:38:04.563 INFO [main] org.apache.catalina.startup.HostConfig.deployDirectory Deployment of web application directory [C:\Users\Carl\apache-tomcat-9.0.5\apache-tomcat-9.0.5\webapps\examples] has finished in [4,358] ms
26-Feb-2018 10:38:04.564 INFO [main] org.apache.catalina.startup.HostConfig.deployDirectory Deploying web application directory [C:\Users\Carl\apache-tomcat-9.0.5\apache-tomcat-9.0.5\webapps\host-manager]
26-Feb-2018 10:38:04.731 INFO [main] org.apache.catalina.startup.HostConfig.deployDirectory Deployment of web application directory [C:\Users\Carl\apache-tomcat-9.0.5\apache-tomcat-9.0.5\webapps\host-manager] has finished in [166] ms
26-Feb-2018 10:38:04.732 INFO [main] org.apache.catalina.startup.HostConfig.deployDirectory Deploying web application directory [C:\Users\Carl\apache-tomcat-9.0.5\apache-tomcat-9.0.5\webapps\manager]
26-Feb-2018 10:38:04.849 INFO [main] org.apache.catalina.startup.HostConfig.deployDirectory Deployment of web application directory [C:\Users\Carl\apache-tomcat-9.0.5\apache-tomcat-9.0.5\webapps\manager] has finished in [117] ms
26-Feb-2018 10:38:04.850 INFO [main] org.apache.catalina.startup.HostConfig.deployDirectory Deploying web application directory [C:\Users\Carl\apache-tomcat-9.0.5\apache-tomcat-9.0.5\webapps\ROOT]
26-Feb-2018 10:38:04.934 INFO [main] org.apache.catalina.startup.HostConfig.deployDirectory Deployment of web application directory [C:\Users\Carl\apache-tomcat-9.0.5\apache-tomcat-9.0.5\webapps\ROOT] has finished in [83] ms
26-Feb-2018 10:38:04.940 INFO [main] org.apache.coyote.AbstractProtocol.start Starting ProtocolHandler ["ajp-nio-8009"]
26-Feb-2018 10:38:04.969 INFO [main] org.apache.catalina.startup.Catalina.start Server startup in 7776 ms
26-Feb-2018 10:45:21.214 INFO [main] org.apache.catalina.core.StandardServer.await A valid shutdown command was received via the shutdown port. Stopping the Server instance.
26-Feb-2018 10:45:21.215 INFO [main] org.apache.coyote.AbstractProtocol.pause Pausing ProtocolHandler ["http-nio-8080"]
26-Feb-2018 10:45:21.217 INFO [main] org.apache.coyote.AbstractProtocol.pause Pausing ProtocolHandler ["ajp-nio-8009"]
26-Feb-2018 10:45:21.437 INFO [main] org.apache.catalina.core.StandardService.stopInternal Stopping service [Catalina]
26-Feb-2018 10:45:21.646 INFO [main] org.apache.coyote.AbstractProtocol.stop Stopping ProtocolHandler ["ajp-nio-8009"]
26-Feb-2018 10:45:21.651 INFO [main] org.apache.coyote.AbstractProtocol.stop Stopping ProtocolHandler ["http-nio-8080"]
26-Feb-2018 10:45:21.652 INFO [main] org.apache.coyote.AbstractProtocol.destroy Destroying ProtocolHandler ["http-nio-8080"]
26-Feb-2018 10:45:21.653 INFO [main] org.apache.coyote.AbstractProtocol.destroy Destroying ProtocolHandler ["ajp-nio-8009"]
26-Feb-2018 10:47:40.000 INFO [main] org.apache.catalina.startup.VersionLoggerListener.log Server version:        Apache Tomcat/9.0.5
26-Feb-2018 10:47:40.005 INFO [main] org.apache.catalina.startup.VersionLoggerListener.log Server built:          Feb 6 2018 21:42:23 UTC
26-Feb-2018 10:47:40.005 INFO [main] org.apache.catalina.startup.VersionLoggerListener.log Server number:         9.0.5.0
26-Feb-2018 10:47:40.006 INFO [main] org.apache.catalina.startup.VersionLoggerListener.log OS Name:               Windows 8.1
26-Feb-2018 10:47:40.006 INFO [main] org.apache.catalina.startup.VersionLoggerListener.log OS Version:            6.3
26-Feb-2018 10:47:40.007 INFO [main] org.apache.catalina.startup.VersionLoggerListener.log Architecture:          x86
26-Feb-2018 10:47:40.007 INFO [main] org.apache.catalina.startup.VersionLoggerListener.log Java Home:             C:\Program Files (x86)\Java\jre1.8.0_31
26-Feb-2018 10:47:40.007 INFO [main] org.apache.catalina.startup.VersionLoggerListener.log JVM Version:           1.8.0_31-b13
26-Feb-2018 10:47:40.008 INFO [main] org.apache.catalina.startup.VersionLoggerListener.log JVM Vendor:            Oracle Corporation
26-Feb-2018 10:47:40.008 INFO [main] org.apache.catalina.startup.VersionLoggerListener.log CATALINA_BASE:         C:\Users\Carl\apache-tomcat-9.0.5\apache-tomcat-9.0.5
26-Feb-2018 10:47:40.009 INFO [main] org.apache.catalina.startup.VersionLoggerListener.log CATALINA_HOME:         C:\Users\Carl\apache-tomcat-9.0.5\apache-tomcat-9.0.5
26-Feb-2018 10:47:40.009 INFO [main] org.apache.catalina.startup.VersionLoggerListener.log Command line argument: -Djava.util.logging.config.file=C:\Users\Carl\apache-tomcat-9.0.5\apache-tomcat-9.0.5\conf\logging.properties
26-Feb-2018 10:47:40.010 INFO [main] org.apache.catalina.startup.VersionLoggerListener.log Command line argument: -Djava.util.logging.manager=org.apache.juli.ClassLoaderLogManager
26-Feb-2018 10:47:40.015 INFO [main] org.apache.catalina.startup.VersionLoggerListener.log Command line argument: -Djdk.tls.ephemeralDHKeySize=2048
26-Feb-2018 10:47:40.017 INFO [main] org.apache.catalina.startup.VersionLoggerListener.log Command line argument: -Djava.protocol.handler.pkgs=org.apache.catalina.webresources
26-Feb-2018 10:47:40.018 INFO [main] org.apache.catalina.startup.VersionLoggerListener.log Command line argument: -Dignore.endorsed.dirs=
26-Feb-2018 10:47:40.019 INFO [main] org.apache.catalina.startup.VersionLoggerListener.log Command line argument: -Dcatalina.base=C:\Users\Carl\apache-tomcat-9.0.5\apache-tomcat-9.0.5
26-Feb-2018 10:47:40.020 INFO [main] org.apache.catalina.startup.VersionLoggerListener.log Command line argument: -Dcatalina.home=C:\Users\Carl\apache-tomcat-9.0.5\apache-tomcat-9.0.5
26-Feb-2018 10:47:40.022 INFO [main] org.apache.catalina.startup.VersionLoggerListener.log Command line argument: -Djava.io.tmpdir=C:\Users\Carl\apache-tomcat-9.0.5\apache-tomcat-9.0.5\temp
26-Feb-2018 10:47:40.022 INFO [main] org.apache.catalina.core.AprLifecycleListener.lifecycleEvent The APR based Apache Tomcat Native library which allows optimal performance in production environments was not found on the java.library.path: [C:\Program Files (x86)\Java\jre1.8.0_31\bin;C:\WINDOWS\Sun\Java\bin;C:\WINDOWS\system32;C:\WINDOWS;C:\Program Files (x86)\NVIDIA Corporation\PhysX\Common;C:\Program Files\Java\jdk1.8.0_74\bin;C:\ProgramData\Oracle\Java\javapath;C:\Program Files (x86)\Intel\iCLS Client\;C:\Program Files\Intel\iCLS Client\;C:\WINDOWS\system32;C:\WINDOWS;C:\WINDOWS\System32\Wbem;C:\WINDOWS\System32\WindowsPowerShell\v1.0\;C:\Program Files\Intel\Intel(R) Management Engine Components\DAL;C:\Program Files\Intel\Intel(R) Management Engine Components\IPT;C:\Program Files (x86)\Intel\Intel(R) Management Engine Components\DAL;C:\Program Files (x86)\Intel\Intel(R) Management Engine Components\IPT;C:\Program Files (x86)\Intel\OpenCL SDK\2.0\bin\x86;C:\Program Files (x86)\Intel\OpenCL SDK\2.0\bin\x64;C:\Program Files (x86)\Windows Live\Shared;C:\Program Files\Intel\WiFi\bin\;C:\Program Files\Common Files\Intel\WirelessCommon\;C:\Program Files (x86)\QuickTime\QTSystem\;C:\Python32;C:\Python32\Scripts\;C:\Program Files (x86)\Windows Kits\8.1\Windows Performance Toolkit\;C:\Program Files\Microsoft SQL Server\110\Tools\Binn\;c:\Program Files (x86)\Microsoft SQL Server\110\Tools\Binn\;c:\Program Files\Microsoft SQL Server\110\DTS\Binn\;C:\Program Files (x86)\Windows Kits\10\Windows Performance Toolkit\;C:\Program Files (x86)\Skype\Phone\;C:\Program Files (x86)\IVI Foundation\VISA\WinNT\Bin\;C:\Program Files\IVI Foundation\VISA\Win64\Bin\;C:\Program Files (x86)\IVI Foundation\VISA\WinNT\Bin;C:\OrCAD\OrCAD_16.6_Lite\tools\pcb\bin;C:\OrCAD\OrCAD_16.6_Lite\tools\fet\bin;C:\OrCAD\OrCAD_16.6_Lite\OpenAccess\bin\win32\opt;C:\OrCAD\OrCAD_16.6_Lite\tools\bin;C:\OrCAD\OrCAD_16.6_Lite\tools\Capture;C:\OrCAD\OrCAD_16.6_Lite\tools\PSpice;C:\users\Carl\Python32\Lib\site-package\django\db\backends\sqlite3;C:\Users\Carl\AppData\Local\Microsoft\WindowsApps;;.]
26-Feb-2018 10:47:40.334 INFO [main] org.apache.coyote.AbstractProtocol.init Initializing ProtocolHandler ["http-nio-8080"]
26-Feb-2018 10:47:40.363 SEVERE [main] org.apache.catalina.util.LifecycleBase.handleSubClassException Failed to initialize component [Connector[HTTP/1.1-8080]]
 org.apache.catalina.LifecycleException: Protocol handler initialization failed
	at org.apache.catalina.connector.Connector.initInternal(Connector.java:935)
	at org.apache.catalina.util.LifecycleBase.init(LifecycleBase.java:136)
	at org.apache.catalina.core.StandardService.initInternal(StandardService.java:530)
	at org.apache.catalina.util.LifecycleBase.init(LifecycleBase.java:136)
	at org.apache.catalina.core.StandardServer.initInternal(StandardServer.java:852)
	at org.apache.catalina.util.LifecycleBase.init(LifecycleBase.java:136)
	at org.apache.catalina.startup.Catalina.load(Catalina.java:633)
	at org.apache.catalina.startup.Catalina.load(Catalina.java:656)
	at sun.reflect.NativeMethodAccessorImpl.invoke0(Native Method)
	at sun.reflect.NativeMethodAccessorImpl.invoke(Unknown Source)
	at sun.reflect.DelegatingMethodAccessorImpl.invoke(Unknown Source)
	at java.lang.reflect.Method.invoke(Unknown Source)
	at org.apache.catalina.startup.Bootstrap.load(Bootstrap.java:309)
	at org.apache.catalina.startup.Bootstrap.main(Bootstrap.java:492)
Caused by: java.net.BindException: Address already in use: bind
	at sun.nio.ch.Net.bind0(Native Method)
	at sun.nio.ch.Net.bind(Unknown Source)
	at sun.nio.ch.Net.bind(Unknown Source)
	at sun.nio.ch.ServerSocketChannelImpl.bind(Unknown Source)
	at sun.nio.ch.ServerSocketAdaptor.bind(Unknown Source)
	at org.apache.tomcat.util.net.NioEndpoint.initServerSocket(NioEndpoint.java:227)
	at org.apache.tomcat.util.net.NioEndpoint.bind(NioEndpoint.java:202)
	at org.apache.tomcat.util.net.AbstractEndpoint.init(AbstractEndpoint.java:1043)
	at org.apache.coyote.AbstractProtocol.init(AbstractProtocol.java:540)
	at org.apache.coyote.http11.AbstractHttp11Protocol.init(AbstractHttp11Protocol.java:74)
	at org.apache.catalina.connector.Connector.initInternal(Connector.java:932)
	... 13 more

26-Feb-2018 10:47:40.367 INFO [main] org.apache.coyote.AbstractProtocol.init Initializing ProtocolHandler ["ajp-nio-8009"]
26-Feb-2018 10:47:40.403 INFO [main] org.apache.tomcat.util.net.NioSelectorPool.getSharedSelector Using a shared selector for servlet write/read
26-Feb-2018 10:47:40.421 INFO [main] org.apache.catalina.startup.Catalina.load Initialization processed in 1244 ms
26-Feb-2018 10:47:40.484 INFO [main] org.apache.catalina.core.StandardService.startInternal Starting service [Catalina]
26-Feb-2018 10:47:40.484 INFO [main] org.apache.catalina.core.StandardEngine.startInternal Starting Servlet Engine: Apache Tomcat/9.0.5
26-Feb-2018 10:47:40.506 INFO [main] org.apache.catalina.startup.HostConfig.deployDirectory Deploying web application directory [C:\Users\Carl\apache-tomcat-9.0.5\apache-tomcat-9.0.5\webapps\docs]
26-Feb-2018 10:47:41.324 WARNING [main] org.apache.catalina.util.SessionIdGeneratorBase.createSecureRandom Creation of SecureRandom instance for session ID generation using [SHA1PRNG] took [171] milliseconds.
26-Feb-2018 10:47:41.378 INFO [main] org.apache.catalina.startup.HostConfig.deployDirectory Deployment of web application directory [C:\Users\Carl\apache-tomcat-9.0.5\apache-tomcat-9.0.5\webapps\docs] has finished in [871] ms
26-Feb-2018 10:47:41.379 INFO [main] org.apache.catalina.startup.HostConfig.deployDirectory Deploying web application directory [C:\Users\Carl\apache-tomcat-9.0.5\apache-tomcat-9.0.5\webapps\examples]
26-Feb-2018 10:47:42.326 INFO [main] org.apache.catalina.startup.HostConfig.deployDirectory Deployment of web application directory [C:\Users\Carl\apache-tomcat-9.0.5\apache-tomcat-9.0.5\webapps\examples] has finished in [947] ms
26-Feb-2018 10:47:42.327 INFO [main] org.apache.catalina.startup.HostConfig.deployDirectory Deploying web application directory [C:\Users\Carl\apache-tomcat-9.0.5\apache-tomcat-9.0.5\webapps\host-manager]
26-Feb-2018 10:47:42.398 INFO [main] org.apache.catalina.startup.HostConfig.deployDirectory Deployment of web application directory [C:\Users\Carl\apache-tomcat-9.0.5\apache-tomcat-9.0.5\webapps\host-manager] has finished in [71] ms
26-Feb-2018 10:47:42.399 INFO [main] org.apache.catalina.startup.HostConfig.deployDirectory Deploying web application directory [C:\Users\Carl\apache-tomcat-9.0.5\apache-tomcat-9.0.5\webapps\manager]
26-Feb-2018 10:47:42.459 INFO [main] org.apache.catalina.startup.HostConfig.deployDirectory Deployment of web application directory [C:\Users\Carl\apache-tomcat-9.0.5\apache-tomcat-9.0.5\webapps\manager] has finished in [60] ms
26-Feb-2018 10:47:42.460 INFO [main] org.apache.catalina.startup.HostConfig.deployDirectory Deploying web application directory [C:\Users\Carl\apache-tomcat-9.0.5\apache-tomcat-9.0.5\webapps\ROOT]
26-Feb-2018 10:47:42.504 INFO [main] org.apache.catalina.startup.HostConfig.deployDirectory Deployment of web application directory [C:\Users\Carl\apache-tomcat-9.0.5\apache-tomcat-9.0.5\webapps\ROOT] has finished in [44] ms
26-Feb-2018 10:47:42.510 INFO [main] org.apache.coyote.AbstractProtocol.start Starting ProtocolHandler ["ajp-nio-8009"]
26-Feb-2018 10:47:42.534 INFO [main] org.apache.catalina.startup.Catalina.start Server startup in 2113 ms
26-Feb-2018 10:51:12.632 INFO [main] org.apache.catalina.core.StandardServer.await A valid shutdown command was received via the shutdown port. Stopping the Server instance.
26-Feb-2018 10:51:12.633 INFO [main] org.apache.coyote.AbstractProtocol.pause Pausing ProtocolHandler ["http-nio-8080"]
26-Feb-2018 10:51:12.637 INFO [main] org.apache.coyote.AbstractProtocol.pause Pausing ProtocolHandler ["ajp-nio-8009"]
26-Feb-2018 10:51:12.845 INFO [main] org.apache.catalina.core.StandardService.stopInternal Stopping service [Catalina]
26-Feb-2018 10:51:12.887 INFO [main] org.apache.coyote.AbstractProtocol.stop Stopping ProtocolHandler ["ajp-nio-8009"]
26-Feb-2018 10:51:12.891 INFO [main] org.apache.coyote.AbstractProtocol.stop Stopping ProtocolHandler ["http-nio-8080"]
26-Feb-2018 10:51:12.891 INFO [main] org.apache.coyote.AbstractProtocol.destroy Destroying ProtocolHandler ["http-nio-8080"]
26-Feb-2018 10:51:12.893 INFO [main] org.apache.coyote.AbstractProtocol.destroy Destroying ProtocolHandler ["ajp-nio-8009"]
26-Feb-2018 10:51:17.770 INFO [main] org.apache.catalina.startup.VersionLoggerListener.log Server version:        Apache Tomcat/9.0.5
26-Feb-2018 10:51:17.774 INFO [main] org.apache.catalina.startup.VersionLoggerListener.log Server built:          Feb 6 2018 21:42:23 UTC
26-Feb-2018 10:51:17.775 INFO [main] org.apache.catalina.startup.VersionLoggerListener.log Server number:         9.0.5.0
26-Feb-2018 10:51:17.775 INFO [main] org.apache.catalina.startup.VersionLoggerListener.log OS Name:               Windows 8.1
26-Feb-2018 10:51:17.776 INFO [main] org.apache.catalina.startup.VersionLoggerListener.log OS Version:            6.3
26-Feb-2018 10:51:17.776 INFO [main] org.apache.catalina.startup.VersionLoggerListener.log Architecture:          x86
26-Feb-2018 10:51:17.776 INFO [main] org.apache.catalina.startup.VersionLoggerListener.log Java Home:             C:\Program Files (x86)\Java\jre1.8.0_31
26-Feb-2018 10:51:17.777 INFO [main] org.apache.catalina.startup.VersionLoggerListener.log JVM Version:           1.8.0_31-b13
26-Feb-2018 10:51:17.777 INFO [main] org.apache.catalina.startup.VersionLoggerListener.log JVM Vendor:            Oracle Corporation
26-Feb-2018 10:51:17.777 INFO [main] org.apache.catalina.startup.VersionLoggerListener.log CATALINA_BASE:         C:\Users\Carl\apache-tomcat-9.0.5\apache-tomcat-9.0.5
26-Feb-2018 10:51:17.778 INFO [main] org.apache.catalina.startup.VersionLoggerListener.log CATALINA_HOME:         C:\Users\Carl\apache-tomcat-9.0.5\apache-tomcat-9.0.5
26-Feb-2018 10:51:17.778 INFO [main] org.apache.catalina.startup.VersionLoggerListener.log Command line argument: -Djava.util.logging.config.file=C:\Users\Carl\apache-tomcat-9.0.5\apache-tomcat-9.0.5\conf\logging.properties
26-Feb-2018 10:51:17.779 INFO [main] org.apache.catalina.startup.VersionLoggerListener.log Command line argument: -Djava.util.logging.manager=org.apache.juli.ClassLoaderLogManager
26-Feb-2018 10:51:17.779 INFO [main] org.apache.catalina.startup.VersionLoggerListener.log Command line argument: -Djdk.tls.ephemeralDHKeySize=2048
26-Feb-2018 10:51:17.780 INFO [main] org.apache.catalina.startup.VersionLoggerListener.log Command line argument: -Djava.protocol.handler.pkgs=org.apache.catalina.webresources
26-Feb-2018 10:51:17.781 INFO [main] org.apache.catalina.startup.VersionLoggerListener.log Command line argument: -Dignore.endorsed.dirs=
26-Feb-2018 10:51:17.782 INFO [main] org.apache.catalina.startup.VersionLoggerListener.log Command line argument: -Dcatalina.base=C:\Users\Carl\apache-tomcat-9.0.5\apache-tomcat-9.0.5
26-Feb-2018 10:51:17.783 INFO [main] org.apache.catalina.startup.VersionLoggerListener.log Command line argument: -Dcatalina.home=C:\Users\Carl\apache-tomcat-9.0.5\apache-tomcat-9.0.5
26-Feb-2018 10:51:17.786 INFO [main] org.apache.catalina.startup.VersionLoggerListener.log Command line argument: -Djava.io.tmpdir=C:\Users\Carl\apache-tomcat-9.0.5\apache-tomcat-9.0.5\temp
26-Feb-2018 10:51:17.787 INFO [main] org.apache.catalina.core.AprLifecycleListener.lifecycleEvent The APR based Apache Tomcat Native library which allows optimal performance in production environments was not found on the java.library.path: [C:\Program Files (x86)\Java\jre1.8.0_31\bin;C:\WINDOWS\Sun\Java\bin;C:\WINDOWS\system32;C:\WINDOWS;C:\Program Files (x86)\NVIDIA Corporation\PhysX\Common;C:\Program Files\Java\jdk1.8.0_74\bin;C:\ProgramData\Oracle\Java\javapath;C:\Program Files (x86)\Intel\iCLS Client\;C:\Program Files\Intel\iCLS Client\;C:\WINDOWS\system32;C:\WINDOWS;C:\WINDOWS\System32\Wbem;C:\WINDOWS\System32\WindowsPowerShell\v1.0\;C:\Program Files\Intel\Intel(R) Management Engine Components\DAL;C:\Program Files\Intel\Intel(R) Management Engine Components\IPT;C:\Program Files (x86)\Intel\Intel(R) Management Engine Components\DAL;C:\Program Files (x86)\Intel\Intel(R) Management Engine Components\IPT;C:\Program Files (x86)\Intel\OpenCL SDK\2.0\bin\x86;C:\Program Files (x86)\Intel\OpenCL SDK\2.0\bin\x64;C:\Program Files (x86)\Windows Live\Shared;C:\Program Files\Intel\WiFi\bin\;C:\Program Files\Common Files\Intel\WirelessCommon\;C:\Program Files (x86)\QuickTime\QTSystem\;C:\Python32;C:\Python32\Scripts\;C:\Program Files (x86)\Windows Kits\8.1\Windows Performance Toolkit\;C:\Program Files\Microsoft SQL Server\110\Tools\Binn\;c:\Program Files (x86)\Microsoft SQL Server\110\Tools\Binn\;c:\Program Files\Microsoft SQL Server\110\DTS\Binn\;C:\Program Files (x86)\Windows Kits\10\Windows Performance Toolkit\;C:\Program Files (x86)\Skype\Phone\;C:\Program Files (x86)\IVI Foundation\VISA\WinNT\Bin\;C:\Program Files\IVI Foundation\VISA\Win64\Bin\;C:\Program Files (x86)\IVI Foundation\VISA\WinNT\Bin;C:\OrCAD\OrCAD_16.6_Lite\tools\pcb\bin;C:\OrCAD\OrCAD_16.6_Lite\tools\fet\bin;C:\OrCAD\OrCAD_16.6_Lite\OpenAccess\bin\win32\opt;C:\OrCAD\OrCAD_16.6_Lite\tools\bin;C:\OrCAD\OrCAD_16.6_Lite\tools\Capture;C:\OrCAD\OrCAD_16.6_Lite\tools\PSpice;C:\users\Carl\Python32\Lib\site-package\django\db\backends\sqlite3;C:\Users\Carl\AppData\Local\Microsoft\WindowsApps;;.]
26-Feb-2018 10:51:18.669 INFO [main] org.apache.coyote.AbstractProtocol.init Initializing ProtocolHandler ["http-nio-8080"]
26-Feb-2018 10:51:18.721 INFO [main] org.apache.tomcat.util.net.NioSelectorPool.getSharedSelector Using a shared selector for servlet write/read
26-Feb-2018 10:51:18.737 INFO [main] org.apache.coyote.AbstractProtocol.init Initializing ProtocolHandler ["ajp-nio-8009"]
26-Feb-2018 10:51:18.741 INFO [main] org.apache.tomcat.util.net.NioSelectorPool.getSharedSelector Using a shared selector for servlet write/read
26-Feb-2018 10:51:18.742 INFO [main] org.apache.catalina.startup.Catalina.load Initialization processed in 1807 ms
26-Feb-2018 10:51:18.809 INFO [main] org.apache.catalina.core.StandardService.startInternal Starting service [Catalina]
26-Feb-2018 10:51:18.810 INFO [main] org.apache.catalina.core.StandardEngine.startInternal Starting Servlet Engine: Apache Tomcat/9.0.5
26-Feb-2018 10:51:18.828 INFO [main] org.apache.catalina.startup.HostConfig.deployDirectory Deploying web application directory [C:\Users\Carl\apache-tomcat-9.0.5\apache-tomcat-9.0.5\webapps\docs]
26-Feb-2018 10:51:19.734 WARNING [main] org.apache.catalina.util.SessionIdGeneratorBase.createSecureRandom Creation of SecureRandom instance for session ID generation using [SHA1PRNG] took [166] milliseconds.
26-Feb-2018 10:51:19.794 INFO [main] org.apache.catalina.startup.HostConfig.deployDirectory Deployment of web application directory [C:\Users\Carl\apache-tomcat-9.0.5\apache-tomcat-9.0.5\webapps\docs] has finished in [965] ms
26-Feb-2018 10:51:19.795 INFO [main] org.apache.catalina.startup.HostConfig.deployDirectory Deploying web application directory [C:\Users\Carl\apache-tomcat-9.0.5\apache-tomcat-9.0.5\webapps\examples]
26-Feb-2018 10:51:21.117 INFO [main] org.apache.catalina.startup.HostConfig.deployDirectory Deployment of web application directory [C:\Users\Carl\apache-tomcat-9.0.5\apache-tomcat-9.0.5\webapps\examples] has finished in [1,323] ms
26-Feb-2018 10:51:21.118 INFO [main] org.apache.catalina.startup.HostConfig.deployDirectory Deploying web application directory [C:\Users\Carl\apache-tomcat-9.0.5\apache-tomcat-9.0.5\webapps\host-manager]
26-Feb-2018 10:51:21.205 INFO [main] org.apache.catalina.startup.HostConfig.deployDirectory Deployment of web application directory [C:\Users\Carl\apache-tomcat-9.0.5\apache-tomcat-9.0.5\webapps\host-manager] has finished in [87] ms
26-Feb-2018 10:51:21.206 INFO [main] org.apache.catalina.startup.HostConfig.deployDirectory Deploying web application directory [C:\Users\Carl\apache-tomcat-9.0.5\apache-tomcat-9.0.5\webapps\manager]
26-Feb-2018 10:51:21.269 INFO [main] org.apache.catalina.startup.HostConfig.deployDirectory Deployment of web application directory [C:\Users\Carl\apache-tomcat-9.0.5\apache-tomcat-9.0.5\webapps\manager] has finished in [62] ms
26-Feb-2018 10:51:21.269 INFO [main] org.apache.catalina.startup.HostConfig.deployDirectory Deploying web application directory [C:\Users\Carl\apache-tomcat-9.0.5\apache-tomcat-9.0.5\webapps\ROOT]
26-Feb-2018 10:51:21.315 INFO [main] org.apache.catalina.startup.HostConfig.deployDirectory Deployment of web application directory [C:\Users\Carl\apache-tomcat-9.0.5\apache-tomcat-9.0.5\webapps\ROOT] has finished in [46] ms
26-Feb-2018 10:51:21.321 INFO [main] org.apache.coyote.AbstractProtocol.start Starting ProtocolHandler ["http-nio-8080"]
26-Feb-2018 10:51:21.343 INFO [main] org.apache.coyote.AbstractProtocol.start Starting ProtocolHandler ["ajp-nio-8009"]
26-Feb-2018 10:51:21.349 INFO [main] org.apache.catalina.startup.Catalina.start Server startup in 2605 ms
26-Feb-2018 10:55:22.225 INFO [main] org.apache.catalina.startup.VersionLoggerListener.log Server version:        Apache Tomcat/9.0.5
26-Feb-2018 10:55:22.230 INFO [main] org.apache.catalina.startup.VersionLoggerListener.log Server built:          Feb 6 2018 21:42:23 UTC
26-Feb-2018 10:55:22.230 INFO [main] org.apache.catalina.startup.VersionLoggerListener.log Server number:         9.0.5.0
26-Feb-2018 10:55:22.231 INFO [main] org.apache.catalina.startup.VersionLoggerListener.log OS Name:               Windows 8.1
26-Feb-2018 10:55:22.231 INFO [main] org.apache.catalina.startup.VersionLoggerListener.log OS Version:            6.3
26-Feb-2018 10:55:22.232 INFO [main] org.apache.catalina.startup.VersionLoggerListener.log Architecture:          x86
26-Feb-2018 10:55:22.232 INFO [main] org.apache.catalina.startup.VersionLoggerListener.log Java Home:             C:\Program Files (x86)\Java\jre1.8.0_31
26-Feb-2018 10:55:22.233 INFO [main] org.apache.catalina.startup.VersionLoggerListener.log JVM Version:           1.8.0_31-b13
26-Feb-2018 10:55:22.233 INFO [main] org.apache.catalina.startup.VersionLoggerListener.log JVM Vendor:            Oracle Corporation
26-Feb-2018 10:55:22.234 INFO [main] org.apache.catalina.startup.VersionLoggerListener.log CATALINA_BASE:         C:\Users\Carl\apache-tomcat-9.0.5\apache-tomcat-9.0.5
26-Feb-2018 10:55:22.234 INFO [main] org.apache.catalina.startup.VersionLoggerListener.log CATALINA_HOME:         C:\Users\Carl\apache-tomcat-9.0.5\apache-tomcat-9.0.5
26-Feb-2018 10:55:22.235 INFO [main] org.apache.catalina.startup.VersionLoggerListener.log Command line argument: -Djava.util.logging.config.file=C:\Users\Carl\apache-tomcat-9.0.5\apache-tomcat-9.0.5\conf\logging.properties
26-Feb-2018 10:55:22.235 INFO [main] org.apache.catalina.startup.VersionLoggerListener.log Command line argument: -Djava.util.logging.manager=org.apache.juli.ClassLoaderLogManager
26-Feb-2018 10:55:22.237 INFO [main] org.apache.catalina.startup.VersionLoggerListener.log Command line argument: -Djdk.tls.ephemeralDHKeySize=2048
26-Feb-2018 10:55:22.239 INFO [main] org.apache.catalina.startup.VersionLoggerListener.log Command line argument: -Djava.protocol.handler.pkgs=org.apache.catalina.webresources
26-Feb-2018 10:55:22.243 INFO [main] org.apache.catalina.startup.VersionLoggerListener.log Command line argument: -Dignore.endorsed.dirs=
26-Feb-2018 10:55:22.243 INFO [main] org.apache.catalina.startup.VersionLoggerListener.log Command line argument: -Dcatalina.base=C:\Users\Carl\apache-tomcat-9.0.5\apache-tomcat-9.0.5
26-Feb-2018 10:55:22.246 INFO [main] org.apache.catalina.startup.VersionLoggerListener.log Command line argument: -Dcatalina.home=C:\Users\Carl\apache-tomcat-9.0.5\apache-tomcat-9.0.5
26-Feb-2018 10:55:22.247 INFO [main] org.apache.catalina.startup.VersionLoggerListener.log Command line argument: -Djava.io.tmpdir=C:\Users\Carl\apache-tomcat-9.0.5\apache-tomcat-9.0.5\temp
26-Feb-2018 10:55:22.249 INFO [main] org.apache.catalina.core.AprLifecycleListener.lifecycleEvent The APR based Apache Tomcat Native library which allows optimal performance in production environments was not found on the java.library.path: [C:\Program Files (x86)\Java\jre1.8.0_31\bin;C:\WINDOWS\Sun\Java\bin;C:\WINDOWS\system32;C:\WINDOWS;C:\Program Files (x86)\NVIDIA Corporation\PhysX\Common;C:\Program Files\Java\jdk1.8.0_74\bin;C:\ProgramData\Oracle\Java\javapath;C:\Program Files (x86)\Intel\iCLS Client\;C:\Program Files\Intel\iCLS Client\;C:\WINDOWS\system32;C:\WINDOWS;C:\WINDOWS\System32\Wbem;C:\WINDOWS\System32\WindowsPowerShell\v1.0\;C:\Program Files\Intel\Intel(R) Management Engine Components\DAL;C:\Program Files\Intel\Intel(R) Management Engine Components\IPT;C:\Program Files (x86)\Intel\Intel(R) Management Engine Components\DAL;C:\Program Files (x86)\Intel\Intel(R) Management Engine Components\IPT;C:\Program Files (x86)\Intel\OpenCL SDK\2.0\bin\x86;C:\Program Files (x86)\Intel\OpenCL SDK\2.0\bin\x64;C:\Program Files (x86)\Windows Live\Shared;C:\Program Files\Intel\WiFi\bin\;C:\Program Files\Common Files\Intel\WirelessCommon\;C:\Program Files (x86)\QuickTime\QTSystem\;C:\Python32;C:\Python32\Scripts\;C:\Program Files (x86)\Windows Kits\8.1\Windows Performance Toolkit\;C:\Program Files\Microsoft SQL Server\110\Tools\Binn\;c:\Program Files (x86)\Microsoft SQL Server\110\Tools\Binn\;c:\Program Files\Microsoft SQL Server\110\DTS\Binn\;C:\Program Files (x86)\Windows Kits\10\Windows Performance Toolkit\;C:\Program Files (x86)\Skype\Phone\;C:\Program Files (x86)\IVI Foundation\VISA\WinNT\Bin\;C:\Program Files\IVI Foundation\VISA\Win64\Bin\;C:\Program Files (x86)\IVI Foundation\VISA\WinNT\Bin;C:\OrCAD\OrCAD_16.6_Lite\tools\pcb\bin;C:\OrCAD\OrCAD_16.6_Lite\tools\fet\bin;C:\OrCAD\OrCAD_16.6_Lite\OpenAccess\bin\win32\opt;C:\OrCAD\OrCAD_16.6_Lite\tools\bin;C:\OrCAD\OrCAD_16.6_Lite\tools\Capture;C:\OrCAD\OrCAD_16.6_Lite\tools\PSpice;C:\users\Carl\Python32\Lib\site-package\django\db\backends\sqlite3;C:\Users\Carl\AppData\Local\Microsoft\WindowsApps;;.]
26-Feb-2018 10:55:26.819 INFO [main] org.apache.catalina.core.StandardServer.await A valid shutdown command was received via the shutdown port. Stopping the Server instance.
26-Feb-2018 10:55:26.821 INFO [main] org.apache.coyote.AbstractProtocol.pause Pausing ProtocolHandler ["http-nio-8080"]
26-Feb-2018 10:55:27.025 INFO [main] org.apache.coyote.AbstractProtocol.pause Pausing ProtocolHandler ["ajp-nio-8009"]
26-Feb-2018 10:55:27.222 INFO [main] org.apache.catalina.core.StandardService.stopInternal Stopping service [Catalina]
26-Feb-2018 10:55:27.281 INFO [main] org.apache.coyote.AbstractProtocol.stop Stopping ProtocolHandler ["http-nio-8080"]
26-Feb-2018 10:55:27.283 INFO [main] org.apache.coyote.AbstractProtocol.stop Stopping ProtocolHandler ["ajp-nio-8009"]
26-Feb-2018 10:55:27.297 INFO [main] org.apache.coyote.AbstractProtocol.destroy Destroying ProtocolHandler ["http-nio-8080"]
26-Feb-2018 10:55:27.298 INFO [main] org.apache.coyote.AbstractProtocol.destroy Destroying ProtocolHandler ["ajp-nio-8009"]
